[     325ms] [ERROR] Failed to load resource: the server responded with a status of 500 (Internal Server Error) @ http://localhost:3002/admin:0
[     462ms] Error: Tiptap Error: SSR has been detected, please set `immediatelyRender` explicitly to `false` to avoid hydration mismatches.
    at _EditorInstanceManager.getInitialEditor (http://localhost:3002/_next/static/chunks/node_modules_a1bf8b22._.js:8675:27)
    at new _EditorInstanceManager (http://localhost:3002/_next/static/chunks/node_modules_a1bf8b22._.js:8656:29)
    at useEditor.useState2 (http://localhost:3002/_next/static/chunks/node_modules_a1bf8b22._.js:8870:36)
    at mountStateImpl (http://localhost:3002/_next/static/chunks/node_modules_next_dist_compiled_react-dom_1e674e59._.js:5048:28)
    at mountState (http://localhost:3002/_next/static/chunks/node_modules_next_dist_compiled_react-dom_1e674e59._.js:5069:24)
    at Object.useState (http://localhost:3002/_next/static/chunks/node_modules_next_dist_compiled_react-dom_1e674e59._.js:15030:24)
    at exports.useState (http://localhost:3002/_next/static/chunks/node_modules_next_dist_compiled_a0e4c7b4._.js:1754:36)
    at useEditor (http://localhost:3002/_next/static/chunks/node_modules_a1bf8b22._.js:8869:205)
    at AdminPage (http://localhost:3002/_next/static/chunks/app_admin_page_tsx_dd146c39._.js:71:203)
    at Object.react_stack_bottom_frame (http://localhost:3002/_next/static/chunks/node_modules_next_dist_compiled_react-dom_1e674e59._.js:14826:24)
    at renderWithHooks (http://localhost:3002/_next/static/chunks/node_modules_next_dist_compiled_react-dom_1e674e59._.js:4651:24)
    at updateFunctionComponent (http://localhost:3002/_next/static/chunks/node_modules_next_dist_compiled_react-dom_1e674e59._.js:6112:21)
    at beginWork (http://localhost:3002/_next/static/chunks/node_modules_next_dist_compiled_react-dom_1e674e59._.js:6708:24)
    at runWithFiberInDEV (http://localhost:3002/_next/static/chunks/node_modules_next_dist_compiled_react-dom_1e674e59._.js:965:74)
    at performUnitOfWork (http://localhost:3002/_next/static/chunks/node_modules_next_dist_compiled_react-dom_1e674e59._.js:9562:97)
    at workLoopSync (http://localhost:3002/_next/static/chunks/node_modules_next_dist_compiled_react-dom_1e674e59._.js:9456:40)
    at renderRootSync (http://localhost:3002/_next/static/chunks/node_modules_next_dist_compiled_react-dom_1e674e59._.js:9440:13)
    at performWorkOnRoot (http://localhost:3002/_next/static/chunks/node_modules_next_dist_compiled_react-dom_1e674e59._.js:9105:47)
    at performWorkOnRootViaSchedulerTask (http://localhost:3002/_next/static/chunks/node_modules_next_dist_compiled_react-dom_1e674e59._.js:10230:9)
    at MessagePort.performWorkUntilDeadline (http://localhost:3002/_next/static/chunks/node_modules_next_dist_compiled_a0e4c7b4._.js:2647:64)
[    3474ms] [WARNING] The resource http://localhost:3002/_next/static/chunks/%5Broot-of-the-server%5D__422a7f3e._.css was preloaded using link preload but not used within a few seconds from the window's load event. Please make sure it has an appropriate `as` value and it is preloaded intentionally. @ http://localhost:3002/admin:0
[    3474ms] [WARNING] The resource http://localhost:3002/_next/static/media/345b029bff63acdd-s.p.ab228718.woff2 was preloaded using link preload but not used within a few seconds from the window's load event. Please make sure it has an appropriate `as` value and it is preloaded intentionally. @ http://localhost:3002/admin:0
[    3474ms] [WARNING] The resource http://localhost:3002/_next/static/media/ce62453a442c7f35-s.p.124b2306.woff2 was preloaded using link preload but not used within a few seconds from the window's load event. Please make sure it has an appropriate `as` value and it is preloaded intentionally. @ http://localhost:3002/admin:0
[   25440ms] [ERROR] WebSocket connection to 'ws://localhost:3002/_next/webpack-hmr?id=0h6KXuhyEU5YjNbx5FKtd' failed:  @ http://localhost:3002/_next/static/chunks/node_modules_next_dist_client_17643121._.js:10878
[  165085ms] [ERROR] WebSocket connection to 'ws://localhost:3002/_next/webpack-hmr?id=0h6KXuhyEU5YjNbx5FKtd' failed: Error in connection establishment: net::ERR_CONNECTION_REFUSED @ http://localhost:3002/_next/static/chunks/node_modules_next_dist_client_17643121._.js:10878
[  166087ms] [ERROR] WebSocket connection to 'ws://localhost:3002/_next/webpack-hmr?id=0h6KXuhyEU5YjNbx5FKtd' failed: Error in connection establishment: net::ERR_CONNECTION_REFUSED @ http://localhost:3002/_next/static/chunks/node_modules_next_dist_client_17643121._.js:10878
[  167088ms] [ERROR] WebSocket connection to 'ws://localhost:3002/_next/webpack-hmr?id=0h6KXuhyEU5YjNbx5FKtd' failed: Error in connection establishment: net::ERR_CONNECTION_REFUSED @ http://localhost:3002/_next/static/chunks/node_modules_next_dist_client_17643121._.js:10878
[  168090ms] [ERROR] WebSocket connection to 'ws://localhost:3002/_next/webpack-hmr?id=0h6KXuhyEU5YjNbx5FKtd' failed: Error in connection establishment: net::ERR_CONNECTION_REFUSED @ http://localhost:3002/_next/static/chunks/node_modules_next_dist_client_17643121._.js:10878
[  169092ms] [ERROR] WebSocket connection to 'ws://localhost:3002/_next/webpack-hmr?id=0h6KXuhyEU5YjNbx5FKtd' failed: Error in connection establishment: net::ERR_CONNECTION_REFUSED @ http://localhost:3002/_next/static/chunks/node_modules_next_dist_client_17643121._.js:10878
[  174095ms] [ERROR] WebSocket connection to 'ws://localhost:3002/_next/webpack-hmr?id=0h6KXuhyEU5YjNbx5FKtd' failed: Error in connection establishment: net::ERR_CONNECTION_REFUSED @ http://localhost:3002/_next/static/chunks/node_modules_next_dist_client_17643121._.js:10878
[  188537ms] [WARNING] The resource http://localhost:3002/_next/static/chunks/%5Broot-of-the-server%5D__422a7f3e._.css was preloaded using link preload but not used within a few seconds from the window's load event. Please make sure it has an appropriate `as` value and it is preloaded intentionally. @ http://localhost:3002/admin:0
[  188537ms] [WARNING] The resource http://localhost:3002/_next/static/media/345b029bff63acdd-s.p.ab228718.woff2 was preloaded using link preload but not used within a few seconds from the window's load event. Please make sure it has an appropriate `as` value and it is preloaded intentionally. @ http://localhost:3002/admin:0
[  188537ms] [WARNING] The resource http://localhost:3002/_next/static/media/ce62453a442c7f35-s.p.124b2306.woff2 was preloaded using link preload but not used within a few seconds from the window's load event. Please make sure it has an appropriate `as` value and it is preloaded intentionally. @ http://localhost:3002/admin:0
[  192585ms] [WARNING] [tiptap warn]: Duplicate extension names found: ['link']. This can lead to issues. @ http://localhost:3002/_next/static/chunks/node_modules_next_dist_f3530cac._.js:2297
