[      98ms] [ERROR] ./app/admin/page.tsx:3:22
Ecmascript file had an error
  1 | import dynamic from 'next/dynamic'
  2 |
> 3 | const AdminWrapper = dynamic(() => import('./AdminWrapper'), { ssr: false })
    |                      ^^^^^^^^^^^^^^^^^^^^^^^^^^^^^^^^^^^^^^^^^^^^^^^^^^^^^^^
  4 |
  5 | export default function AdminPage() {
  6 |   return <AdminWrapper />

`ssr: false` is not allowed with `next/dynamic` in Server Components. Please move it into a Client Component. @ http://localhost:3002/_next/static/chunks/node_modules_next_dist_b3fb3b5f._.js:1920
[     103ms] [ERROR] Failed to load resource: the server responded with a status of 500 (Internal Server Error) @ http://localhost:3002/admin:0
[     191ms] Error: ./app/admin/page.tsx:3:22
Ecmascript file had an error
  1 | import dynamic from 'next/dynamic'
  2 |
> 3 | const AdminWrapper = dynamic(() => import('./AdminWrapper'), { ssr: false })
    |                      ^^^^^^^^^^^^^^^^^^^^^^^^^^^^^^^^^^^^^^^^^^^^^^^^^^^^^^^
  4 |
  5 | export default function AdminPage() {
  6 |   return <AdminWrapper />

`ssr: false` is not allowed with `next/dynamic` in Server Components. Please move it into a Client Component.


    at <unknown> (Error: ./app/admin/page.tsx:3:22)
    at Object.getCompilationErrors (file:///mnt/d/portfolio/node_modules/next/dist/server/dev/hot-reloader-turbopack.js:1008:59)
    at DevBundlerService.getCompilationError (file:///mnt/d/portfolio/node_modules/next/dist/server/lib/dev-bundler-service.js:44:55)
    at DevServer.getCompilationError (file:///mnt/d/portfolio/node_modules/next/dist/server/dev/next-dev-server.js:706:42)
    at DevServer.findPageComponents (file:///mnt/d/portfolio/node_modules/next/dist/server/dev/next-dev-server.js:676:43)
    at async DevServer.renderErrorToResponseImpl (file:///mnt/d/portfolio/node_modules/next/dist/server/base-server.js:1733:26)
[     209ms] [ERROR] ./app/admin/page.tsx:3:22
Ecmascript file had an error
  1 | import dynamic from 'next/dynamic'
  2 |
> 3 | const AdminWrapper = dynamic(() => import('./AdminWrapper'), { ssr: false })
    |                      ^^^^^^^^^^^^^^^^^^^^^^^^^^^^^^^^^^^^^^^^^^^^^^^^^^^^^^^
  4 |
  5 | export default function AdminPage() {
  6 |   return <AdminWrapper />

`ssr: false` is not allowed with `next/dynamic` in Server Components. Please move it into a Client Component. @ http://localhost:3002/_next/static/chunks/node_modules_next_dist_b3fb3b5f._.js:1920
[     238ms] [ERROR] ./app/admin/page.tsx:3:22
Ecmascript file had an error
  1 | import dynamic from 'next/dynamic'
  2 |
> 3 | const AdminWrapper = dynamic(() => import('./AdminWrapper'), { ssr: false })
    |                      ^^^^^^^^^^^^^^^^^^^^^^^^^^^^^^^^^^^^^^^^^^^^^^^^^^^^^^^
  4 |
  5 | export default function AdminPage() {
  6 |   return <AdminWrapper />

`ssr: false` is not allowed with `next/dynamic` in Server Components. Please move it into a Client Component. @ http://localhost:3002/_next/static/chunks/node_modules_next_dist_b3fb3b5f._.js:1920
